<?xml version="1.0" encoding="UTF-8"?>
<!-- Generated by org.testng.reporters.JUnitXMLReporter -->
<testsuite ignored="2" hostname="LAPTOP-V6FB1HFO" failures="0" tests="1" name="Default test" time="37.355" errors="0" timestamp="2023-04-17T20:58:33 IST">
  <testcase classname="testCases.LoginTest" name="LoginwithInValidCredentials" time="8.253"/>
  <testcase classname="testCases.LoginTest" name="TestLogin" time="0.0">
    <ignored/>
  </testcase> <!-- TestLogin -->
  <testcase classname="testCases.LoginTest" name="LoginwithValidCredentials" time="0.0">
    <ignored/>
  </testcase> <!-- LoginwithValidCredentials -->
</testsuite> <!-- Default test -->
