<?xml version="1.0" encoding="UTF-8"?>
<!-- Generated by org.testng.reporters.JUnitXMLReporter -->
<testsuite ignored="1" hostname="LAPTOP-V6FB1HFO" failures="0" tests="1" name="Default test" time="43.777" errors="0" timestamp="2023-05-12T13:04:30 IST">
  <testcase classname="testCases.RoundTripTest" name="RoundTrip_Students" time="35.507"/>
  <testcase classname="testCases.RoundTripTest" name="RoundTrip_FamilyFriends" time="0.0">
    <ignored/>
  </testcase> <!-- RoundTrip_FamilyFriends -->
</testsuite> <!-- Default test -->
