<?xml version="1.0" encoding="UTF-8"?>
<!-- Generated by org.testng.reporters.JUnitXMLReporter -->
<testsuite ignored="0" hostname="LAPTOP-V6FB1HFO" failures="0" tests="14" name="Test" time="550.912" errors="0" timestamp="2023-04-15T20:48:49 IST">
  <testcase classname="testCases.SignUpTest" name="Singup" time="41.825"/>
  <testcase classname="testCases.LoginTest" name="LoginwithInValidCredentials" time="7.683"/>
  <testcase classname="testCases.LoginTest" name="LoginwithValidCredentials" time="4.713"/>
  <testcase classname="testCases.LoginTest" name="TestLogin" time="12.775"/>
  <testcase classname="testCases.LoginTest" name="TestLogin" time="12.744"/>
  <testcase classname="testCases.LoginTest" name="TestLogin" time="12.694"/>
  <testcase classname="testCases.LoginTest" name="TestLogin" time="12.703"/>
  <testcase classname="testCases.OnewayTripTest" name="Onewaytrip" time="31.814"/>
  <testcase classname="testCases.OnewayTripTest" name="Onewaytrip_International2" time="143.884"/>
  <testcase classname="testCases.RoundTripTest" name="RoundTrip_FamilyFriends" time="35.346"/>
  <testcase classname="testCases.RoundTripTest" name="RoundTrip_Students" time="85.047"/>
  <testcase classname="testCases.ValidationTest" name="CheckIn_Validation" time="8.522"/>
  <testcase classname="testCases.ValidationTest" name="FlightStatus_Validation" time="13.597"/>
  <testcase classname="testCases.ValidationTest" name="ManageBooking_Validation" time="10.557"/>
</testsuite> <!-- Test -->
