<?xml version="1.0" encoding="UTF-8"?>
<testsuite xmlns:xsi="http://www.w3.org/2001/XMLSchema-instance" xsi:noNamespaceSchemaLocation="https://maven.apache.org/surefire/maven-surefire-plugin/xsd/surefire-test-report-3.0.xsd" version="3.0" name="TestSuite" time="654.376" tests="14" errors="0" skipped="0" failures="2">
  <properties>
[...]
</properties>
  <testcase name="Singup" classname="testCases.SignUpTest" time="56.193">
    <system-out><![CDATA[Page Loaded
Url: https://www.spicejet.com/
Page Title : SpiceJet - Flight Booking for Domestic and International, Cheap Air Tickets
Current Page Url: https://spiceclub.spicejet.com/signup
Current Page Title : SpiceClub - The frequent flyer program of SpiceJet
Account has been successfully created...!!!
]]></system-out>
    <system-err><![CDATA[SLF4J: No SLF4J providers were found.
SLF4J: Defaulting to no-operation (NOP) logger implementation
SLF4J: See https://www.slf4j.org/codes.html#noProviders for further details.
Starting ChromeDriver 112.0.5615.49 (bd2a7bcb881c11e8cfe3078709382934e3916914-refs/branch-heads/5615@{#936}) on port 18388
Only local connections are allowed.
Please see https://chromedriver.chromium.org/security-considerations for suggestions on keeping ChromeDriver safe.
ChromeDriver was started successfully.
Apr 14, 2023 8:40:24 PM org.openqa.selenium.devtools.CdpVersionFinder findNearestMatch
WARNING: Unable to find an exact match for CDP version 112, so returning the closest version found: 111
]]></system-err>
  </testcase>
  <testcase name="CheckIn_Validation" classname="testCases.ValidationTest" time="8.916">
    <system-out><![CDATA[Page Loaded
Url: https://www.spicejet.com/
Page Title : SpiceJet - Flight Booking for Domestic and International, Cheap Air Tickets
Please Enter Valid PNR Number/Ticket Number. Unable to fetch your booking. Please check the inputs 
 you have provided and try again.
]]></system-out>
    <system-err><![CDATA[Starting ChromeDriver 112.0.5615.49 (bd2a7bcb881c11e8cfe3078709382934e3916914-refs/branch-heads/5615@{#936}) on port 45707
Only local connections are allowed.
Please see https://chromedriver.chromium.org/security-considerations for suggestions on keeping ChromeDriver safe.
ChromeDriver was started successfully.
Apr 14, 2023 8:42:12 PM org.openqa.selenium.devtools.CdpVersionFinder findNearestMatch
WARNING: Unable to find an exact match for CDP version 112, so returning the closest version found: 111
]]></system-err>
  </testcase>
  <testcase name="FlightStatus_Validation" classname="testCases.ValidationTest" time="13.856">
    <system-out><![CDATA[Page Loaded
Url: https://www.spicejet.com/
Page Title : SpiceJet - Flight Booking for Domestic and International, Cheap Air Tickets
Please Find an Available flights.. Thank You..!!!
]]></system-out>
    <system-err><![CDATA[Starting ChromeDriver 112.0.5615.49 (bd2a7bcb881c11e8cfe3078709382934e3916914-refs/branch-heads/5615@{#936}) on port 38411
Only local connections are allowed.
Please see https://chromedriver.chromium.org/security-considerations for suggestions on keeping ChromeDriver safe.
ChromeDriver was started successfully.
Apr 14, 2023 8:42:31 PM org.openqa.selenium.devtools.CdpVersionFinder findNearestMatch
WARNING: Unable to find an exact match for CDP version 112, so returning the closest version found: 111
]]></system-err>
  </testcase>
  <testcase name="ManageBooking_Validation" classname="testCases.ValidationTest" time="12.124">
    <system-out><![CDATA[Page Loaded
Url: https://www.spicejet.com/
Page Title : SpiceJet - Flight Booking for Domestic and International, Cheap Air Tickets
Please Enter Valid PNR Number/Ticket Number. Unable to fetch your booking. Please check the inputs 
 you have provided and try again.
]]></system-out>
    <system-err><![CDATA[Starting ChromeDriver 112.0.5615.49 (bd2a7bcb881c11e8cfe3078709382934e3916914-refs/branch-heads/5615@{#936}) on port 41454
Only local connections are allowed.
Please see https://chromedriver.chromium.org/security-considerations for suggestions on keeping ChromeDriver safe.
ChromeDriver was started successfully.
Apr 14, 2023 8:43:02 PM org.openqa.selenium.devtools.CdpVersionFinder findNearestMatch
WARNING: Unable to find an exact match for CDP version 112, so returning the closest version found: 111
]]></system-err>
  </testcase>
  <testcase name="Onewaytrip" classname="testCases.OnewayTripTest" time="32.798">
    <system-out><![CDATA[Page Loaded
Url: https://www.spicejet.com/
Page Title : SpiceJet - Flight Booking for Domestic and International, Cheap Air Tickets
Unfortunately, there are no flights available for the Family & Friends fare.
Please search again with a different fare selection.
Search again
]]></system-out>
    <system-err><![CDATA[Starting ChromeDriver 112.0.5615.49 (bd2a7bcb881c11e8cfe3078709382934e3916914-refs/branch-heads/5615@{#936}) on port 48483
Only local connections are allowed.
Please see https://chromedriver.chromium.org/security-considerations for suggestions on keeping ChromeDriver safe.
ChromeDriver was started successfully.
Apr 14, 2023 8:43:29 PM org.openqa.selenium.devtools.CdpVersionFinder findNearestMatch
WARNING: Unable to find an exact match for CDP version 112, so returning the closest version found: 111
]]></system-err>
  </testcase>
  <testcase name="Onewaytrip_International2" classname="testCases.OnewayTripTest" time="150.487">
    <system-out><![CDATA[Page Loaded
Url: https://www.spicejet.com/
Page Title : SpiceJet - Flight Booking for Domestic and International, Cheap Air Tickets
Trip Summary
Convenience fee may apply
Chennai
Dubai
₹ 71,736
Flight  SG 678 /13
Sat, 20 May 2023
19:25
Price Summary
4 Adult  (SpiceSaver Fare)
₹ 61,372
Airport Arrival Tax
₹ 436
CUTE Fee
₹ 196
User Development Fee - Departure (UDF)
₹ 2,124
CGST
₹ 1,540
SGST
₹ 1,540
ASF Fee
₹ 4,528
Payable Amount
 (Incl. of taxes)
₹ 
71,736.00
Ticket has been Booked Successfully..!!! Have A Nice Trip...
]]></system-out>
    <system-err><![CDATA[Starting ChromeDriver 112.0.5615.49 (bd2a7bcb881c11e8cfe3078709382934e3916914-refs/branch-heads/5615@{#936}) on port 2414
Only local connections are allowed.
Please see https://chromedriver.chromium.org/security-considerations for suggestions on keeping ChromeDriver safe.
ChromeDriver was started successfully.
Apr 14, 2023 8:44:18 PM org.openqa.selenium.devtools.CdpVersionFinder findNearestMatch
WARNING: Unable to find an exact match for CDP version 112, so returning the closest version found: 111
]]></system-err>
  </testcase>
  <testcase name="LoginwithInValidCredentials" classname="testCases.LoginTest" time="7.899">
    <system-out><![CDATA[Page Loaded
Url: https://www.spicejet.com/
Page Title : SpiceJet - Flight Booking for Domestic and International, Cheap Air Tickets
Invalid Username/Password
Please try again or signup as a new user
]]></system-out>
    <system-err><![CDATA[Starting ChromeDriver 112.0.5615.49 (bd2a7bcb881c11e8cfe3078709382934e3916914-refs/branch-heads/5615@{#936}) on port 17154
Only local connections are allowed.
Please see https://chromedriver.chromium.org/security-considerations for suggestions on keeping ChromeDriver safe.
ChromeDriver was started successfully.
Apr 14, 2023 8:47:03 PM org.openqa.selenium.devtools.CdpVersionFinder findNearestMatch
WARNING: Unable to find an exact match for CDP version 112, so returning the closest version found: 111
]]></system-err>
  </testcase>
  <testcase name="LoginwithValidCredentials" classname="testCases.LoginTest" time="10.849">
    <failure message="no such element: Unable to locate element: {&quot;method&quot;:&quot;xpath&quot;,&quot;selector&quot;:&quot;(//input[@type=&apos;email&apos;])[1]&quot;}&#10;  (Session info: chrome=112.0.5615.50)&#10;For documentation on this error, please visit: https://selenium.dev/exceptions/#no_such_element&#10;Build info: version: &apos;4.8.3&apos;, revision: &apos;e5e76298c3&apos;&#10;System info: os.name: &apos;Windows 11&apos;, os.arch: &apos;amd64&apos;, os.version: &apos;10.0&apos;, java.version: &apos;17.0.6&apos;&#10;Driver info: org.openqa.selenium.chrome.ChromeDriver&#10;Command: [4303ad92f1b6c06ce7088a5bb2d84d6e, findElement {using=xpath, value=(//input[@type=&apos;email&apos;])[1]}]&#10;Capabilities {acceptInsecureCerts: false, browserName: chrome, browserVersion: 112.0.5615.50, chrome: {chromedriverVersion: 112.0.5615.49 (bd2a7bcb881c..., userDataDir: C:\Users\navan\AppData\Loca...}, goog:chromeOptions: {debuggerAddress: localhost:54611}, networkConnectionEnabled: false, pageLoadStrategy: normal, platformName: WINDOWS, proxy: Proxy(), se:cdp: ws://localhost:54611/devtoo..., se:cdpVersion: 112.0.5615.50, setWindowRect: true, strictFileInteractability: false, timeouts: {implicit: 0, pageLoad: 300000, script: 30000}, unhandledPromptBehavior: dismiss and notify, webauthn:extension:credBlob: true, webauthn:extension:largeBlob: true, webauthn:extension:minPinLength: true, webauthn:extension:prf: true, webauthn:virtualAuthenticators: true}&#10;Session ID: 4303ad92f1b6c06ce7088a5bb2d84d6e" type="org.openqa.selenium.NoSuchElementException"><![CDATA[org.openqa.selenium.NoSuchElementException: 
no such element: Unable to locate element: {"method":"xpath","selector":"(//input[@type='email'])[1]"}
  (Session info: chrome=112.0.5615.50)
For documentation on this error, please visit: https://selenium.dev/exceptions/#no_such_element
Build info: version: '4.8.3', revision: 'e5e76298c3'
System info: os.name: 'Windows 11', os.arch: 'amd64', os.version: '10.0', java.version: '17.0.6'
Driver info: org.openqa.selenium.chrome.ChromeDriver
Command: [4303ad92f1b6c06ce7088a5bb2d84d6e, findElement {using=xpath, value=(//input[@type='email'])[1]}]
Capabilities {acceptInsecureCerts: false, browserName: chrome, browserVersion: 112.0.5615.50, chrome: {chromedriverVersion: 112.0.5615.49 (bd2a7bcb881c..., userDataDir: C:\Users\navan\AppData\Loca...}, goog:chromeOptions: {debuggerAddress: localhost:54611}, networkConnectionEnabled: false, pageLoadStrategy: normal, platformName: WINDOWS, proxy: Proxy(), se:cdp: ws://localhost:54611/devtoo..., se:cdpVersion: 112.0.5615.50, setWindowRect: true, strictFileInteractability: false, timeouts: {implicit: 0, pageLoad: 300000, script: 30000}, unhandledPromptBehavior: dismiss and notify, webauthn:extension:credBlob: true, webauthn:extension:largeBlob: true, webauthn:extension:minPinLength: true, webauthn:extension:prf: true, webauthn:virtualAuthenticators: true}
Session ID: 4303ad92f1b6c06ce7088a5bb2d84d6e
	at testCases.LoginTest.LoginwithValidCredentials(LoginTest.java:15)
]]></failure>
    <system-out><![CDATA[Page Loaded
Url: https://www.spicejet.com/
Page Title : SpiceJet - Flight Booking for Domestic and International, Cheap Air Tickets
]]></system-out>
    <system-err><![CDATA[Starting ChromeDriver 112.0.5615.49 (bd2a7bcb881c11e8cfe3078709382934e3916914-refs/branch-heads/5615@{#936}) on port 39981
Only local connections are allowed.
Please see https://chromedriver.chromium.org/security-considerations for suggestions on keeping ChromeDriver safe.
ChromeDriver was started successfully.
Apr 14, 2023 8:47:28 PM org.openqa.selenium.devtools.CdpVersionFinder findNearestMatch
WARNING: Unable to find an exact match for CDP version 112, so returning the closest version found: 111
]]></system-err>
  </testcase>
  <testcase name="TestLogin[spicejettest@yopmail.com, Test@Password321](1)" classname="testCases.LoginTest" time="12.873">
    <system-out><![CDATA[Page Loaded
Url: https://www.spicejet.com/
Page Title : SpiceJet - Flight Booking for Domestic and International, Cheap Air Tickets
]]></system-out>
    <system-err><![CDATA[Starting ChromeDriver 112.0.5615.49 (bd2a7bcb881c11e8cfe3078709382934e3916914-refs/branch-heads/5615@{#936}) on port 22719
Only local connections are allowed.
Please see https://chromedriver.chromium.org/security-considerations for suggestions on keeping ChromeDriver safe.
ChromeDriver was started successfully.
Apr 14, 2023 8:47:52 PM org.openqa.selenium.devtools.CdpVersionFinder findNearestMatch
WARNING: Unable to find an exact match for CDP version 112, so returning the closest version found: 111
]]></system-err>
  </testcase>
  <testcase name="TestLogin[spicejettest@yopmail.com, Qwerty](2)" classname="testCases.LoginTest" time="12.853">
    <system-out><![CDATA[Page Loaded
Url: https://www.spicejet.com/
Page Title : SpiceJet - Flight Booking for Domestic and International, Cheap Air Tickets
]]></system-out>
    <system-err><![CDATA[Starting ChromeDriver 112.0.5615.49 (bd2a7bcb881c11e8cfe3078709382934e3916914-refs/branch-heads/5615@{#936}) on port 47222
Only local connections are allowed.
Please see https://chromedriver.chromium.org/security-considerations for suggestions on keeping ChromeDriver safe.
ChromeDriver was started successfully.
Apr 14, 2023 8:48:16 PM org.openqa.selenium.devtools.CdpVersionFinder findNearestMatch
WARNING: Unable to find an exact match for CDP version 112, so returning the closest version found: 111
]]></system-err>
  </testcase>
  <testcase name="TestLogin[spicejettest, Qwerty](3)" classname="testCases.LoginTest" time="12.759">
    <system-out><![CDATA[Page Loaded
Url: https://www.spicejet.com/
Page Title : SpiceJet - Flight Booking for Domestic and International, Cheap Air Tickets
]]></system-out>
    <system-err><![CDATA[Starting ChromeDriver 112.0.5615.49 (bd2a7bcb881c11e8cfe3078709382934e3916914-refs/branch-heads/5615@{#936}) on port 10993
Only local connections are allowed.
Please see https://chromedriver.chromium.org/security-considerations for suggestions on keeping ChromeDriver safe.
ChromeDriver was started successfully.
Apr 14, 2023 8:48:40 PM org.openqa.selenium.devtools.CdpVersionFinder findNearestMatch
WARNING: Unable to find an exact match for CDP version 112, so returning the closest version found: 111
]]></system-err>
  </testcase>
  <testcase name="TestLogin[spicejettest, Test@Password321](4)" classname="testCases.LoginTest" time="12.77">
    <system-out><![CDATA[Page Loaded
Url: https://www.spicejet.com/
Page Title : SpiceJet - Flight Booking for Domestic and International, Cheap Air Tickets
]]></system-out>
    <system-err><![CDATA[Starting ChromeDriver 112.0.5615.49 (bd2a7bcb881c11e8cfe3078709382934e3916914-refs/branch-heads/5615@{#936}) on port 16235
Only local connections are allowed.
Please see https://chromedriver.chromium.org/security-considerations for suggestions on keeping ChromeDriver safe.
ChromeDriver was started successfully.
Apr 14, 2023 8:49:06 PM org.openqa.selenium.devtools.CdpVersionFinder findNearestMatch
WARNING: Unable to find an exact match for CDP version 112, so returning the closest version found: 111
]]></system-err>
  </testcase>
  <testcase name="RoundTrip_FamilyFriends" classname="testCases.RoundTripTest" time="36.094">
    <system-out><![CDATA[Page Loaded
Url: https://www.spicejet.com/
Page Title : SpiceJet - Flight Booking for Domestic and International, Cheap Air Tickets
Unfortunately, there are no flights available for the Family & Friends fare.
Please search again with a different fare selection.
Search again
]]></system-out>
    <system-err><![CDATA[Starting ChromeDriver 112.0.5615.49 (bd2a7bcb881c11e8cfe3078709382934e3916914-refs/branch-heads/5615@{#936}) on port 39417
Only local connections are allowed.
Please see https://chromedriver.chromium.org/security-considerations for suggestions on keeping ChromeDriver safe.
ChromeDriver was started successfully.
Apr 14, 2023 8:49:29 PM org.openqa.selenium.devtools.CdpVersionFinder findNearestMatch
WARNING: Unable to find an exact match for CDP version 112, so returning the closest version found: 111
]]></system-err>
  </testcase>
  <testcase name="RoundTrip_Students" classname="testCases.RoundTripTest" time="46.642">
    <failure message="Keys to send should be a not null CharSequence" type="java.lang.IllegalArgumentException"><![CDATA[java.lang.IllegalArgumentException: Keys to send should be a not null CharSequence
	at testCases.RoundTripTest.RoundTrip_Students(RoundTripTest.java:62)
]]></failure>
    <system-out><![CDATA[Page Loaded
Url: https://www.spicejet.com/
Page Title : SpiceJet - Flight Booking for Domestic and International, Cheap Air Tickets
Trip Summary
Convenience fee may apply
Bengaluru
Mumbai
₹ 28,896
Flight  SG 324 /476
Sat, 20 May 2023
21:15
Price Summary
4 Adult  (SpiceSaver Fare)
₹ 24,000
CUTE Fee
₹ 196
RCS Fee
₹ 400
User Development Fee - Departure (UDF)
₹ 2,124
CGST
₹ 616
SGST
₹ 616
ASF Fee
₹ 944
Mumbai
Bengaluru
₹ 27,376
Flight  SG 455 /325
Wed, 24 May 2023
15:15
Price Summary
Payable Amount
 (Incl. of taxes)
₹ 
56,272.00
]]></system-out>
    <system-err><![CDATA[Starting ChromeDriver 112.0.5615.49 (bd2a7bcb881c11e8cfe3078709382934e3916914-refs/branch-heads/5615@{#936}) on port 16821
Only local connections are allowed.
Please see https://chromedriver.chromium.org/security-considerations for suggestions on keeping ChromeDriver safe.
ChromeDriver was started successfully.
Apr 14, 2023 8:50:16 PM org.openqa.selenium.devtools.CdpVersionFinder findNearestMatch
WARNING: Unable to find an exact match for CDP version 112, so returning the closest version found: 111
]]></system-err>
  </testcase>
</testsuite>