<?xml version="1.0" encoding="UTF-8"?>
<testsuite xmlns:xsi="http://www.w3.org/2001/XMLSchema-instance" xsi:noNamespaceSchemaLocation="https://maven.apache.org/surefire/maven-surefire-plugin/xsd/surefire-test-report-3.0.xsd" version="3.0" name="TestSuite" time="551.935" tests="14" errors="0" skipped="0" failures="0">
  <properties>
[...]
</properties>
  <testcase name="Singup" classname="testCases.SignUpTest" time="41.828">
    <system-out><![CDATA[Page Loaded
Url: https://www.spicejet.com/
Page Title : SpiceJet - Flight Booking for Domestic and International, Cheap Air Tickets
Current Page Url: https://spiceclub.spicejet.com/signup
Current Page Title : SpiceClub - The frequent flyer program of SpiceJet
Account has been successfully created...!!!
]]></system-out>
    <system-err><![CDATA[SLF4J: No SLF4J providers were found.
SLF4J: Defaulting to no-operation (NOP) logger implementation
SLF4J: See https://www.slf4j.org/codes.html#noProviders for further details.
Starting ChromeDriver 112.0.5615.49 (bd2a7bcb881c11e8cfe3078709382934e3916914-refs/branch-heads/5615@{#936}) on port 45589
Only local connections are allowed.
Please see https://chromedriver.chromium.org/security-considerations for suggestions on keeping ChromeDriver safe.
ChromeDriver was started successfully.
Apr 15, 2023 8:39:41 PM org.openqa.selenium.devtools.CdpVersionFinder findNearestMatch
WARNING: Unable to find an exact match for CDP version 112, so returning the closest version found: 111
]]></system-err>
  </testcase>
  <testcase name="LoginwithInValidCredentials" classname="testCases.LoginTest" time="7.678">
    <system-out><![CDATA[Page Loaded
Url: https://www.spicejet.com/
Page Title : SpiceJet - Flight Booking for Domestic and International, Cheap Air Tickets
Invalid Username/Password
Please try again or signup as a new user
]]></system-out>
    <system-err><![CDATA[Starting ChromeDriver 112.0.5615.49 (bd2a7bcb881c11e8cfe3078709382934e3916914-refs/branch-heads/5615@{#936}) on port 36424
Only local connections are allowed.
Please see https://chromedriver.chromium.org/security-considerations for suggestions on keeping ChromeDriver safe.
ChromeDriver was started successfully.
Apr 15, 2023 8:40:30 PM org.openqa.selenium.devtools.CdpVersionFinder findNearestMatch
WARNING: Unable to find an exact match for CDP version 112, so returning the closest version found: 111
]]></system-err>
  </testcase>
  <testcase name="LoginwithValidCredentials" classname="testCases.LoginTest" time="4.7">
    <system-out><![CDATA[Page Loaded
Url: https://www.spicejet.com/
Page Title : SpiceJet - Flight Booking for Domestic and International, Cheap Air Tickets
You are successfully logged in
]]></system-out>
    <system-err><![CDATA[Starting ChromeDriver 112.0.5615.49 (bd2a7bcb881c11e8cfe3078709382934e3916914-refs/branch-heads/5615@{#936}) on port 38036
Only local connections are allowed.
Please see https://chromedriver.chromium.org/security-considerations for suggestions on keeping ChromeDriver safe.
ChromeDriver was started successfully.
Apr 15, 2023 8:40:45 PM org.openqa.selenium.devtools.CdpVersionFinder findNearestMatch
WARNING: Unable to find an exact match for CDP version 112, so returning the closest version found: 111
]]></system-err>
  </testcase>
  <testcase name="TestLogin[spicejettest@yopmail.com, Test@Password321](1)" classname="testCases.LoginTest" time="12.766">
    <system-out><![CDATA[Page Loaded
Url: https://www.spicejet.com/
Page Title : SpiceJet - Flight Booking for Domestic and International, Cheap Air Tickets
]]></system-out>
    <system-err><![CDATA[Starting ChromeDriver 112.0.5615.49 (bd2a7bcb881c11e8cfe3078709382934e3916914-refs/branch-heads/5615@{#936}) on port 2403
Only local connections are allowed.
Please see https://chromedriver.chromium.org/security-considerations for suggestions on keeping ChromeDriver safe.
ChromeDriver was started successfully.
Apr 15, 2023 8:40:56 PM org.openqa.selenium.devtools.CdpVersionFinder findNearestMatch
WARNING: Unable to find an exact match for CDP version 112, so returning the closest version found: 111
]]></system-err>
  </testcase>
  <testcase name="TestLogin[spicejettest@yopmail.com, Qwerty](2)" classname="testCases.LoginTest" time="12.739">
    <system-out><![CDATA[Page Loaded
Url: https://www.spicejet.com/
Page Title : SpiceJet - Flight Booking for Domestic and International, Cheap Air Tickets
]]></system-out>
    <system-err><![CDATA[Starting ChromeDriver 112.0.5615.49 (bd2a7bcb881c11e8cfe3078709382934e3916914-refs/branch-heads/5615@{#936}) on port 8575
Only local connections are allowed.
Please see https://chromedriver.chromium.org/security-considerations for suggestions on keeping ChromeDriver safe.
ChromeDriver was started successfully.
Apr 15, 2023 8:41:16 PM org.openqa.selenium.devtools.CdpVersionFinder findNearestMatch
WARNING: Unable to find an exact match for CDP version 112, so returning the closest version found: 111
]]></system-err>
  </testcase>
  <testcase name="TestLogin[spicejettest, Qwerty](3)" classname="testCases.LoginTest" time="12.692">
    <system-out><![CDATA[Page Loaded
Url: https://www.spicejet.com/
Page Title : SpiceJet - Flight Booking for Domestic and International, Cheap Air Tickets
]]></system-out>
    <system-err><![CDATA[Starting ChromeDriver 112.0.5615.49 (bd2a7bcb881c11e8cfe3078709382934e3916914-refs/branch-heads/5615@{#936}) on port 8369
Only local connections are allowed.
Please see https://chromedriver.chromium.org/security-considerations for suggestions on keeping ChromeDriver safe.
ChromeDriver was started successfully.
Apr 15, 2023 8:41:35 PM org.openqa.selenium.devtools.CdpVersionFinder findNearestMatch
WARNING: Unable to find an exact match for CDP version 112, so returning the closest version found: 111
]]></system-err>
  </testcase>
  <testcase name="TestLogin[spicejettest, Test@Password321](4)" classname="testCases.LoginTest" time="12.698">
    <system-out><![CDATA[Page Loaded
Url: https://www.spicejet.com/
Page Title : SpiceJet - Flight Booking for Domestic and International, Cheap Air Tickets
]]></system-out>
    <system-err><![CDATA[Starting ChromeDriver 112.0.5615.49 (bd2a7bcb881c11e8cfe3078709382934e3916914-refs/branch-heads/5615@{#936}) on port 5093
Only local connections are allowed.
Please see https://chromedriver.chromium.org/security-considerations for suggestions on keeping ChromeDriver safe.
ChromeDriver was started successfully.
Apr 15, 2023 8:41:55 PM org.openqa.selenium.devtools.CdpVersionFinder findNearestMatch
WARNING: Unable to find an exact match for CDP version 112, so returning the closest version found: 111
]]></system-err>
  </testcase>
  <testcase name="Onewaytrip" classname="testCases.OnewayTripTest" time="31.815">
    <system-out><![CDATA[Page Loaded
Url: https://www.spicejet.com/
Page Title : SpiceJet - Flight Booking for Domestic and International, Cheap Air Tickets
Unfortunately, there are no flights available for the Family & Friends fare.
Please search again with a different fare selection.
Search again
]]></system-out>
    <system-err><![CDATA[Starting ChromeDriver 112.0.5615.49 (bd2a7bcb881c11e8cfe3078709382934e3916914-refs/branch-heads/5615@{#936}) on port 12991
Only local connections are allowed.
Please see https://chromedriver.chromium.org/security-considerations for suggestions on keeping ChromeDriver safe.
ChromeDriver was started successfully.
Apr 15, 2023 8:42:14 PM org.openqa.selenium.devtools.CdpVersionFinder findNearestMatch
WARNING: Unable to find an exact match for CDP version 112, so returning the closest version found: 111
]]></system-err>
  </testcase>
  <testcase name="Onewaytrip_International2" classname="testCases.OnewayTripTest" time="143.865">
    <system-out><![CDATA[Page Loaded
Url: https://www.spicejet.com/
Page Title : SpiceJet - Flight Booking for Domestic and International, Cheap Air Tickets
Trip Summary
Chennai
Dubai
Flight  SG 678 /13
Sat, 20 May 2023
19:25
Payable Amount
 (Incl. of taxes)
₹ 
60,600.00
Ticket has been Booked Successfully..!!! Have A Nice Trip...
]]></system-out>
    <system-err><![CDATA[Starting ChromeDriver 112.0.5615.49 (bd2a7bcb881c11e8cfe3078709382934e3916914-refs/branch-heads/5615@{#936}) on port 46349
Only local connections are allowed.
Please see https://chromedriver.chromium.org/security-considerations for suggestions on keeping ChromeDriver safe.
ChromeDriver was started successfully.
Apr 15, 2023 8:42:54 PM org.openqa.selenium.devtools.CdpVersionFinder findNearestMatch
WARNING: Unable to find an exact match for CDP version 112, so returning the closest version found: 111
]]></system-err>
  </testcase>
  <testcase name="RoundTrip_FamilyFriends" classname="testCases.RoundTripTest" time="35.34">
    <system-out><![CDATA[Page Loaded
Url: https://www.spicejet.com/
Page Title : SpiceJet - Flight Booking for Domestic and International, Cheap Air Tickets
Unfortunately, there are no flights available for the Family & Friends fare.
Please search again with a different fare selection.
Search again
]]></system-out>
    <system-err><![CDATA[Starting ChromeDriver 112.0.5615.49 (bd2a7bcb881c11e8cfe3078709382934e3916914-refs/branch-heads/5615@{#936}) on port 34769
Only local connections are allowed.
Please see https://chromedriver.chromium.org/security-considerations for suggestions on keeping ChromeDriver safe.
ChromeDriver was started successfully.
Apr 15, 2023 8:45:25 PM org.openqa.selenium.devtools.CdpVersionFinder findNearestMatch
WARNING: Unable to find an exact match for CDP version 112, so returning the closest version found: 111
]]></system-err>
  </testcase>
  <testcase name="RoundTrip_Students" classname="testCases.RoundTripTest" time="85.044">
    <system-out><![CDATA[Page Loaded
Url: https://www.spicejet.com/
Page Title : SpiceJet - Flight Booking for Domestic and International, Cheap Air Tickets
Trip Summary
Convenience fee may apply
Bengaluru
Mumbai
₹ 28,896
Flight  SG 324 /476
Sat, 20 May 2023
21:15
Price Summary
4 Adult  (SpiceSaver Fare)
₹ 24,000
CUTE Fee
₹ 196
RCS Fee
₹ 400
User Development Fee - Departure (UDF)
₹ 2,124
CGST
₹ 616
SGST
₹ 616
ASF Fee
₹ 944
Mumbai
Bengaluru
₹ 27,376
Flight  SG 455 /325
Wed, 24 May 2023
15:15
Price Summary
Payable Amount
 (Incl. of taxes)
₹ 
56,272.00
Ticket has been Booked Successfully..!!! Have A Nice Trip...
]]></system-out>
    <system-err><![CDATA[Starting ChromeDriver 112.0.5615.49 (bd2a7bcb881c11e8cfe3078709382934e3916914-refs/branch-heads/5615@{#936}) on port 25809
Only local connections are allowed.
Please see https://chromedriver.chromium.org/security-considerations for suggestions on keeping ChromeDriver safe.
ChromeDriver was started successfully.
Apr 15, 2023 8:46:07 PM org.openqa.selenium.devtools.CdpVersionFinder findNearestMatch
WARNING: Unable to find an exact match for CDP version 112, so returning the closest version found: 111
]]></system-err>
  </testcase>
  <testcase name="CheckIn_Validation" classname="testCases.ValidationTest" time="8.52">
    <system-out><![CDATA[Page Loaded
Url: https://www.spicejet.com/
Page Title : SpiceJet - Flight Booking for Domestic and International, Cheap Air Tickets
Please Enter Valid PNR Number/Ticket Number. Unable to fetch your booking. Please check the inputs 
 you have provided and try again.
]]></system-out>
    <system-err><![CDATA[Starting ChromeDriver 112.0.5615.49 (bd2a7bcb881c11e8cfe3078709382934e3916914-refs/branch-heads/5615@{#936}) on port 8791
Only local connections are allowed.
Please see https://chromedriver.chromium.org/security-considerations for suggestions on keeping ChromeDriver safe.
ChromeDriver was started successfully.
Apr 15, 2023 8:47:56 PM org.openqa.selenium.devtools.CdpVersionFinder findNearestMatch
WARNING: Unable to find an exact match for CDP version 112, so returning the closest version found: 111
]]></system-err>
  </testcase>
  <testcase name="FlightStatus_Validation" classname="testCases.ValidationTest" time="13.595">
    <system-out><![CDATA[Page Loaded
Url: https://www.spicejet.com/
Page Title : SpiceJet - Flight Booking for Domestic and International, Cheap Air Tickets
Please Find an Available flights.. Thank You..!!!
]]></system-out>
    <system-err><![CDATA[Starting ChromeDriver 112.0.5615.49 (bd2a7bcb881c11e8cfe3078709382934e3916914-refs/branch-heads/5615@{#936}) on port 27012
Only local connections are allowed.
Please see https://chromedriver.chromium.org/security-considerations for suggestions on keeping ChromeDriver safe.
ChromeDriver was started successfully.
Apr 15, 2023 8:48:11 PM org.openqa.selenium.devtools.CdpVersionFinder findNearestMatch
WARNING: Unable to find an exact match for CDP version 112, so returning the closest version found: 111
]]></system-err>
  </testcase>
  <testcase name="ManageBooking_Validation" classname="testCases.ValidationTest" time="10.553">
    <system-out><![CDATA[Page Loaded
Url: https://www.spicejet.com/
Page Title : SpiceJet - Flight Booking for Domestic and International, Cheap Air Tickets
Please Enter Valid PNR Number/Ticket Number. Unable to fetch your booking. Please check the inputs 
 you have provided and try again.
]]></system-out>
    <system-err><![CDATA[Starting ChromeDriver 112.0.5615.49 (bd2a7bcb881c11e8cfe3078709382934e3916914-refs/branch-heads/5615@{#936}) on port 33363
Only local connections are allowed.
Please see https://chromedriver.chromium.org/security-considerations for suggestions on keeping ChromeDriver safe.
ChromeDriver was started successfully.
Apr 15, 2023 8:48:31 PM org.openqa.selenium.devtools.CdpVersionFinder findNearestMatch
WARNING: Unable to find an exact match for CDP version 112, so returning the closest version found: 111
]]></system-err>
  </testcase>
</testsuite>