<?xml version="1.0" encoding="UTF-8"?>
<testng-results ignored="0" total="14" passed="14" failed="0" skipped="0">
  <reporter-output>
  </reporter-output>
  <suite started-at="2023-04-15T20:39:38 IST" name="Suite" finished-at="2023-04-15T20:48:49 IST" duration-ms="550912">
    <groups>
    </groups>
    <test started-at="2023-04-15T20:39:38 IST" name="Test" finished-at="2023-04-15T20:48:49 IST" duration-ms="550912">
      <class name="testCases.ValidationTest">
        <test-method is-config="true" signature="Startup()[pri:0, instance:testCases.ValidationTest@2ab4bc72]" started-at="2023-04-15T20:47:55 IST" name="Startup" finished-at="2023-04-15T20:48:01 IST" duration-ms="6523" status="PASS">
          <reporter-output>
          </reporter-output>
        </test-method> <!-- Startup -->
        <test-method signature="CheckIn_Validation()[pri:0, instance:testCases.ValidationTest@2ab4bc72]" started-at="2023-04-15T20:48:01 IST" name="CheckIn_Validation" finished-at="2023-04-15T20:48:10 IST" duration-ms="8522" status="PASS">
          <reporter-output>
          </reporter-output>
        </test-method> <!-- CheckIn_Validation -->
        <test-method is-config="true" signature="close()[pri:0, instance:testCases.ValidationTest@2ab4bc72]" started-at="2023-04-15T20:48:10 IST" name="close" finished-at="2023-04-15T20:48:10 IST" duration-ms="175" status="PASS">
          <reporter-output>
          </reporter-output>
        </test-method> <!-- close -->
        <test-method is-config="true" signature="Startup()[pri:0, instance:testCases.ValidationTest@2ab4bc72]" started-at="2023-04-15T20:48:10 IST" name="Startup" finished-at="2023-04-15T20:48:17 IST" duration-ms="6369" status="PASS">
          <reporter-output>
          </reporter-output>
        </test-method> <!-- Startup -->
        <test-method signature="FlightStatus_Validation()[pri:0, instance:testCases.ValidationTest@2ab4bc72]" started-at="2023-04-15T20:48:17 IST" name="FlightStatus_Validation" finished-at="2023-04-15T20:48:30 IST" duration-ms="13597" status="PASS">
          <reporter-output>
          </reporter-output>
        </test-method> <!-- FlightStatus_Validation -->
        <test-method is-config="true" signature="close()[pri:0, instance:testCases.ValidationTest@2ab4bc72]" started-at="2023-04-15T20:48:30 IST" name="close" finished-at="2023-04-15T20:48:30 IST" duration-ms="185" status="PASS">
          <reporter-output>
          </reporter-output>
        </test-method> <!-- close -->
        <test-method is-config="true" signature="Startup()[pri:0, instance:testCases.ValidationTest@2ab4bc72]" started-at="2023-04-15T20:48:30 IST" name="Startup" finished-at="2023-04-15T20:48:38 IST" duration-ms="7451" status="PASS">
          <reporter-output>
          </reporter-output>
        </test-method> <!-- Startup -->
        <test-method signature="ManageBooking_Validation()[pri:0, instance:testCases.ValidationTest@2ab4bc72]" started-at="2023-04-15T20:48:38 IST" name="ManageBooking_Validation" finished-at="2023-04-15T20:48:48 IST" duration-ms="10557" status="PASS">
          <reporter-output>
          </reporter-output>
        </test-method> <!-- ManageBooking_Validation -->
        <test-method is-config="true" signature="close()[pri:0, instance:testCases.ValidationTest@2ab4bc72]" started-at="2023-04-15T20:48:48 IST" name="close" finished-at="2023-04-15T20:48:49 IST" duration-ms="194" status="PASS">
          <reporter-output>
          </reporter-output>
        </test-method> <!-- close -->
      </class> <!-- testCases.ValidationTest -->
      <class name="testCases.LoginTest">
        <test-method is-config="true" signature="Startup()[pri:0, instance:testCases.LoginTest@6cb107fd]" started-at="2023-04-15T20:40:29 IST" name="Startup" finished-at="2023-04-15T20:40:36 IST" duration-ms="7046" status="PASS">
          <reporter-output>
          </reporter-output>
        </test-method> <!-- Startup -->
        <test-method signature="LoginwithInValidCredentials()[pri:0, instance:testCases.LoginTest@6cb107fd]" started-at="2023-04-15T20:40:36 IST" name="LoginwithInValidCredentials" finished-at="2023-04-15T20:40:44 IST" duration-ms="7683" status="PASS">
          <reporter-output>
          </reporter-output>
        </test-method> <!-- LoginwithInValidCredentials -->
        <test-method is-config="true" signature="close()[pri:0, instance:testCases.LoginTest@6cb107fd]" started-at="2023-04-15T20:40:44 IST" name="close" finished-at="2023-04-15T20:40:44 IST" duration-ms="204" status="PASS">
          <reporter-output>
          </reporter-output>
        </test-method> <!-- close -->
        <test-method is-config="true" signature="Startup()[pri:0, instance:testCases.LoginTest@6cb107fd]" started-at="2023-04-15T20:40:44 IST" name="Startup" finished-at="2023-04-15T20:40:50 IST" duration-ms="6510" status="PASS">
          <reporter-output>
          </reporter-output>
        </test-method> <!-- Startup -->
        <test-method signature="LoginwithValidCredentials()[pri:0, instance:testCases.LoginTest@6cb107fd]" started-at="2023-04-15T20:40:50 IST" name="LoginwithValidCredentials" finished-at="2023-04-15T20:40:55 IST" duration-ms="4713" status="PASS">
          <reporter-output>
          </reporter-output>
        </test-method> <!-- LoginwithValidCredentials -->
        <test-method is-config="true" signature="close()[pri:0, instance:testCases.LoginTest@6cb107fd]" started-at="2023-04-15T20:40:55 IST" name="close" finished-at="2023-04-15T20:40:55 IST" duration-ms="221" status="PASS">
          <reporter-output>
          </reporter-output>
        </test-method> <!-- close -->
        <test-method is-config="true" signature="Startup()[pri:0, instance:testCases.LoginTest@6cb107fd]" started-at="2023-04-15T20:40:55 IST" name="Startup" finished-at="2023-04-15T20:41:02 IST" duration-ms="6524" status="PASS">
          <reporter-output>
          </reporter-output>
        </test-method> <!-- Startup -->
        <test-method signature="TestLogin(java.lang.String,java.lang.String)[pri:0, instance:testCases.LoginTest@6cb107fd]" started-at="2023-04-15T20:41:02 IST" name="TestLogin" data-provider="logintestdata" finished-at="2023-04-15T20:41:15 IST" duration-ms="12775" status="PASS">
          <params>
            <param index="0">
              <value>
                <![CDATA[spicejettest@yopmail.com]]>
              </value>
            </param>
            <param index="1">
              <value>
                <![CDATA[Test@Password321]]>
              </value>
            </param>
          </params>
          <reporter-output>
          </reporter-output>
        </test-method> <!-- TestLogin -->
        <test-method is-config="true" signature="close()[pri:0, instance:testCases.LoginTest@6cb107fd]" started-at="2023-04-15T20:41:15 IST" name="close" finished-at="2023-04-15T20:41:15 IST" duration-ms="423" status="PASS">
          <reporter-output>
          </reporter-output>
        </test-method> <!-- close -->
        <test-method is-config="true" signature="Startup()[pri:0, instance:testCases.LoginTest@6cb107fd]" started-at="2023-04-15T20:41:15 IST" name="Startup" finished-at="2023-04-15T20:41:22 IST" duration-ms="6572" status="PASS">
          <reporter-output>
          </reporter-output>
        </test-method> <!-- Startup -->
        <test-method signature="TestLogin(java.lang.String,java.lang.String)[pri:0, instance:testCases.LoginTest@6cb107fd]" started-at="2023-04-15T20:41:22 IST" name="TestLogin" data-provider="logintestdata" finished-at="2023-04-15T20:41:34 IST" duration-ms="12744" status="PASS">
          <params>
            <param index="0">
              <value>
                <![CDATA[spicejettest@yopmail.com]]>
              </value>
            </param>
            <param index="1">
              <value>
                <![CDATA[Qwerty]]>
              </value>
            </param>
          </params>
          <reporter-output>
          </reporter-output>
        </test-method> <!-- TestLogin -->
        <test-method is-config="true" signature="close()[pri:0, instance:testCases.LoginTest@6cb107fd]" started-at="2023-04-15T20:41:34 IST" name="close" finished-at="2023-04-15T20:41:35 IST" duration-ms="293" status="PASS">
          <reporter-output>
          </reporter-output>
        </test-method> <!-- close -->
        <test-method is-config="true" signature="Startup()[pri:0, instance:testCases.LoginTest@6cb107fd]" started-at="2023-04-15T20:41:35 IST" name="Startup" finished-at="2023-04-15T20:41:41 IST" duration-ms="6586" status="PASS">
          <reporter-output>
          </reporter-output>
        </test-method> <!-- Startup -->
        <test-method signature="TestLogin(java.lang.String,java.lang.String)[pri:0, instance:testCases.LoginTest@6cb107fd]" started-at="2023-04-15T20:41:41 IST" name="TestLogin" data-provider="logintestdata" finished-at="2023-04-15T20:41:54 IST" duration-ms="12694" status="PASS">
          <params>
            <param index="0">
              <value>
                <![CDATA[spicejettest]]>
              </value>
            </param>
            <param index="1">
              <value>
                <![CDATA[Qwerty]]>
              </value>
            </param>
          </params>
          <reporter-output>
          </reporter-output>
        </test-method> <!-- TestLogin -->
        <test-method is-config="true" signature="close()[pri:0, instance:testCases.LoginTest@6cb107fd]" started-at="2023-04-15T20:41:54 IST" name="close" finished-at="2023-04-15T20:41:54 IST" duration-ms="219" status="PASS">
          <reporter-output>
          </reporter-output>
        </test-method> <!-- close -->
        <test-method is-config="true" signature="Startup()[pri:0, instance:testCases.LoginTest@6cb107fd]" started-at="2023-04-15T20:41:54 IST" name="Startup" finished-at="2023-04-15T20:42:01 IST" duration-ms="6596" status="PASS">
          <reporter-output>
          </reporter-output>
        </test-method> <!-- Startup -->
        <test-method signature="TestLogin(java.lang.String,java.lang.String)[pri:0, instance:testCases.LoginTest@6cb107fd]" started-at="2023-04-15T20:42:01 IST" name="TestLogin" data-provider="logintestdata" finished-at="2023-04-15T20:42:13 IST" duration-ms="12703" status="PASS">
          <params>
            <param index="0">
              <value>
                <![CDATA[spicejettest]]>
              </value>
            </param>
            <param index="1">
              <value>
                <![CDATA[Test@Password321]]>
              </value>
            </param>
          </params>
          <reporter-output>
          </reporter-output>
        </test-method> <!-- TestLogin -->
        <test-method is-config="true" signature="close()[pri:0, instance:testCases.LoginTest@6cb107fd]" started-at="2023-04-15T20:42:13 IST" name="close" finished-at="2023-04-15T20:42:14 IST" duration-ms="204" status="PASS">
          <reporter-output>
          </reporter-output>
        </test-method> <!-- close -->
      </class> <!-- testCases.LoginTest -->
      <class name="testCases.OnewayTripTest">
        <test-method is-config="true" signature="Startup()[pri:0, instance:testCases.OnewayTripTest@710636b0]" started-at="2023-04-15T20:42:14 IST" name="Startup" finished-at="2023-04-15T20:42:21 IST" duration-ms="7307" status="PASS">
          <reporter-output>
          </reporter-output>
        </test-method> <!-- Startup -->
        <test-method signature="Onewaytrip()[pri:0, instance:testCases.OnewayTripTest@710636b0]" started-at="2023-04-15T20:42:21 IST" name="Onewaytrip" finished-at="2023-04-15T20:42:53 IST" duration-ms="31814" status="PASS">
          <reporter-output>
          </reporter-output>
        </test-method> <!-- Onewaytrip -->
        <test-method is-config="true" signature="close()[pri:0, instance:testCases.OnewayTripTest@710636b0]" started-at="2023-04-15T20:42:53 IST" name="close" finished-at="2023-04-15T20:42:53 IST" duration-ms="316" status="PASS">
          <reporter-output>
          </reporter-output>
        </test-method> <!-- close -->
        <test-method is-config="true" signature="Startup()[pri:0, instance:testCases.OnewayTripTest@710636b0]" started-at="2023-04-15T20:42:53 IST" name="Startup" finished-at="2023-04-15T20:43:00 IST" duration-ms="6762" status="PASS">
          <reporter-output>
          </reporter-output>
        </test-method> <!-- Startup -->
        <test-method signature="Onewaytrip_International2()[pri:0, instance:testCases.OnewayTripTest@710636b0]" started-at="2023-04-15T20:43:00 IST" name="Onewaytrip_International2" finished-at="2023-04-15T20:45:24 IST" duration-ms="143884" status="PASS">
          <reporter-output>
          </reporter-output>
        </test-method> <!-- Onewaytrip_International2 -->
        <test-method is-config="true" signature="close()[pri:0, instance:testCases.OnewayTripTest@710636b0]" started-at="2023-04-15T20:45:24 IST" name="close" finished-at="2023-04-15T20:45:24 IST" duration-ms="357" status="PASS">
          <reporter-output>
          </reporter-output>
        </test-method> <!-- close -->
      </class> <!-- testCases.OnewayTripTest -->
      <class name="testCases.RoundTripTest">
        <test-method is-config="true" signature="Startup()[pri:0, instance:testCases.RoundTripTest@3de8f619]" started-at="2023-04-15T20:45:24 IST" name="Startup" finished-at="2023-04-15T20:45:30 IST" duration-ms="6057" status="PASS">
          <reporter-output>
          </reporter-output>
        </test-method> <!-- Startup -->
        <test-method signature="RoundTrip_FamilyFriends()[pri:0, instance:testCases.RoundTripTest@3de8f619]" started-at="2023-04-15T20:45:30 IST" name="RoundTrip_FamilyFriends" finished-at="2023-04-15T20:46:05 IST" duration-ms="35346" status="PASS">
          <reporter-output>
          </reporter-output>
        </test-method> <!-- RoundTrip_FamilyFriends -->
        <test-method is-config="true" signature="close()[pri:0, instance:testCases.RoundTripTest@3de8f619]" started-at="2023-04-15T20:46:05 IST" name="close" finished-at="2023-04-15T20:46:06 IST" duration-ms="309" status="PASS">
          <reporter-output>
          </reporter-output>
        </test-method> <!-- close -->
        <test-method is-config="true" signature="Startup()[pri:0, instance:testCases.RoundTripTest@3de8f619]" started-at="2023-04-15T20:46:06 IST" name="Startup" finished-at="2023-04-15T20:46:30 IST" duration-ms="23808" status="PASS">
          <reporter-output>
          </reporter-output>
        </test-method> <!-- Startup -->
        <test-method signature="RoundTrip_Students()[pri:0, instance:testCases.RoundTripTest@3de8f619]" started-at="2023-04-15T20:46:30 IST" name="RoundTrip_Students" finished-at="2023-04-15T20:47:55 IST" duration-ms="85047" status="PASS">
          <reporter-output>
          </reporter-output>
        </test-method> <!-- RoundTrip_Students -->
        <test-method is-config="true" signature="close()[pri:0, instance:testCases.RoundTripTest@3de8f619]" started-at="2023-04-15T20:47:55 IST" name="close" finished-at="2023-04-15T20:47:55 IST" duration-ms="313" status="PASS">
          <reporter-output>
          </reporter-output>
        </test-method> <!-- close -->
      </class> <!-- testCases.RoundTripTest -->
      <class name="testCases.SignUpTest">
        <test-method is-config="true" signature="Startup()[pri:0, instance:testCases.SignUpTest@792b749c]" started-at="2023-04-15T20:39:38 IST" name="Startup" finished-at="2023-04-15T20:39:47 IST" duration-ms="9022" status="PASS">
          <reporter-output>
          </reporter-output>
        </test-method> <!-- Startup -->
        <test-method signature="Singup()[pri:0, instance:testCases.SignUpTest@792b749c]" started-at="2023-04-15T20:39:47 IST" name="Singup" finished-at="2023-04-15T20:40:29 IST" duration-ms="41825" status="PASS">
          <reporter-output>
          </reporter-output>
        </test-method> <!-- Singup -->
        <test-method is-config="true" signature="close()[pri:0, instance:testCases.SignUpTest@792b749c]" started-at="2023-04-15T20:40:29 IST" name="close" finished-at="2023-04-15T20:40:29 IST" duration-ms="399" status="PASS">
          <reporter-output>
          </reporter-output>
        </test-method> <!-- close -->
      </class> <!-- testCases.SignUpTest -->
    </test> <!-- Test -->
  </suite> <!-- Suite -->
</testng-results>
