<?xml version="1.0" encoding="UTF-8"?>
<testng-results ignored="2" total="3" passed="1" failed="0" skipped="0">
  <reporter-output>
  </reporter-output>
  <suite started-at="2023-04-14T21:23:38 IST" name="Default suite" finished-at="2023-04-14T21:23:58 IST" duration-ms="19911">
    <groups>
    </groups>
    <test started-at="2023-04-14T21:23:38 IST" name="Default test" finished-at="2023-04-14T21:23:58 IST" duration-ms="19911">
      <class name="testCases.LoginTest">
        <test-method is-config="true" signature="Startup()[pri:0, instance:testCases.LoginTest@78691363]" started-at="2023-04-14T21:23:38 IST" name="Startup" finished-at="2023-04-14T21:23:52 IST" duration-ms="14280" status="PASS">
          <reporter-output>
          </reporter-output>
        </test-method> <!-- Startup -->
        <test-method signature="LoginwithValidCredentials()[pri:0, instance:testCases.LoginTest@78691363]" started-at="2023-04-14T21:23:52 IST" name="LoginwithValidCredentials" finished-at="2023-04-14T21:23:57 IST" duration-ms="5082" status="PASS">
          <reporter-output>
          </reporter-output>
        </test-method> <!-- LoginwithValidCredentials -->
        <test-method is-config="true" signature="close()[pri:0, instance:testCases.LoginTest@78691363]" started-at="2023-04-14T21:23:57 IST" name="close" finished-at="2023-04-14T21:23:58 IST" duration-ms="493" status="PASS">
          <reporter-output>
          </reporter-output>
        </test-method> <!-- close -->
      </class> <!-- testCases.LoginTest -->
    </test> <!-- Default test -->
  </suite> <!-- Default suite -->
</testng-results>
