<?xml version="1.0" encoding="UTF-8"?>
<testng-results ignored="2" total="3" passed="1" failed="0" skipped="0">
  <reporter-output>
  </reporter-output>
  <suite started-at="2023-04-17T20:57:56 IST" name="Default suite" finished-at="2023-04-17T20:58:33 IST" duration-ms="37355">
    <groups>
    </groups>
    <test started-at="2023-04-17T20:57:56 IST" name="Default test" finished-at="2023-04-17T20:58:33 IST" duration-ms="37355">
      <class name="testCases.LoginTest">
        <test-method is-config="true" signature="Startup()[pri:0, instance:testCases.LoginTest@78691363]" started-at="2023-04-17T20:57:56 IST" name="Startup" finished-at="2023-04-17T20:58:24 IST" duration-ms="28277" status="PASS">
          <reporter-output>
          </reporter-output>
        </test-method> <!-- Startup -->
        <test-method signature="LoginwithInValidCredentials()[pri:0, instance:testCases.LoginTest@78691363]" started-at="2023-04-17T20:58:24 IST" name="LoginwithInValidCredentials" finished-at="2023-04-17T20:58:32 IST" duration-ms="8253" status="PASS">
          <reporter-output>
          </reporter-output>
        </test-method> <!-- LoginwithInValidCredentials -->
        <test-method is-config="true" signature="close()[pri:0, instance:testCases.LoginTest@78691363]" started-at="2023-04-17T20:58:32 IST" name="close" finished-at="2023-04-17T20:58:33 IST" duration-ms="784" status="PASS">
          <reporter-output>
          </reporter-output>
        </test-method> <!-- close -->
      </class> <!-- testCases.LoginTest -->
    </test> <!-- Default test -->
  </suite> <!-- Default suite -->
</testng-results>
